<?xml version="1.0" encoding="UTF-8"?>
<testsuite xmlns:xsi="http://www.w3.org/2001/XMLSchema-instance" xsi:noNamespaceSchemaLocation="https://maven.apache.org/surefire/maven-surefire-plugin/xsd/surefire-test-report-3.0.xsd" version="3.0" name="epn.edu.ec.apiairos.infrastructure.inputadapter.ExerciseAPITest" time="0.052" tests="1" errors="0" skipped="0" failures="0">
  <properties>
    <property name="sonar.projectName" value="APIAiros"/>
    <property name="java.specification.version" value="18"/>
    <property name="sonar.host.url" value="http://localhost:9000"/>
    <property name="sun.jnu.encoding" value="UTF-8"/>
    <property name="java.class.path" value="/home/labctrl/Downloads/APIAiros/APIGym/target/test-classes:/home/labctrl/Downloads/APIAiros/APIGym/target/classes:/home/labctrl/.m2/repository/org/springframework/boot/spring-boot-starter-validation/3.1.4-SNAPSHOT/spring-boot-starter-validation-3.1.4-SNAPSHOT.jar:/home/labctrl/.m2/repository/org/springframework/boot/spring-boot-starter/3.1.4-SNAPSHOT/spring-boot-starter-3.1.4-SNAPSHOT.jar:/home/labctrl/.m2/repository/org/springframework/boot/spring-boot-autoconfigure/3.1.4-SNAPSHOT/spring-boot-autoconfigure-3.1.4-SNAPSHOT.jar:/home/labctrl/.m2/repository/org/springframework/boot/spring-boot-starter-logging/3.1.4-SNAPSHOT/spring-boot-starter-logging-3.1.4-SNAPSHOT.jar:/home/labctrl/.m2/repository/ch/qos/logback/logback-classic/1.4.11/logback-classic-1.4.11.jar:/home/labctrl/.m2/repository/ch/qos/logback/logback-core/1.4.11/logback-core-1.4.11.jar:/home/labctrl/.m2/repository/org/apache/logging/log4j/log4j-to-slf4j/2.20.0/log4j-to-slf4j-2.20.0.jar:/home/labctrl/.m2/repository/org/apache/logging/log4j/log4j-api/2.20.0/log4j-api-2.20.0.jar:/home/labctrl/.m2/repository/org/slf4j/jul-to-slf4j/2.0.7/jul-to-slf4j-2.0.7.jar:/home/labctrl/.m2/repository/org/yaml/snakeyaml/1.33/snakeyaml-1.33.jar:/home/labctrl/.m2/repository/org/apache/tomcat/embed/tomcat-embed-el/10.1.12/tomcat-embed-el-10.1.12.jar:/home/labctrl/.m2/repository/org/hibernate/validator/hibernate-validator/8.0.1.Final/hibernate-validator-8.0.1.Final.jar:/home/labctrl/.m2/repository/jakarta/validation/jakarta.validation-api/3.0.2/jakarta.validation-api-3.0.2.jar:/home/labctrl/.m2/repository/org/jboss/logging/jboss-logging/3.5.3.Final/jboss-logging-3.5.3.Final.jar:/home/labctrl/.m2/repository/com/fasterxml/classmate/1.5.1/classmate-1.5.1.jar:/home/labctrl/.m2/repository/org/springframework/boot/spring-boot-starter-data-jpa/3.1.4-SNAPSHOT/spring-boot-starter-data-jpa-3.1.4-SNAPSHOT.jar:/home/labctrl/.m2/repository/org/springframework/boot/spring-boot-starter-aop/3.1.4-SNAPSHOT/spring-boot-starter-aop-3.1.4-SNAPSHOT.jar:/home/labctrl/.m2/repository/org/springframework/spring-aop/6.0.11/spring-aop-6.0.11.jar:/home/labctrl/.m2/repository/org/aspectj/aspectjweaver/1.9.20/aspectjweaver-1.9.20.jar:/home/labctrl/.m2/repository/org/springframework/boot/spring-boot-starter-jdbc/3.1.4-SNAPSHOT/spring-boot-starter-jdbc-3.1.4-SNAPSHOT.jar:/home/labctrl/.m2/repository/com/zaxxer/HikariCP/5.0.1/HikariCP-5.0.1.jar:/home/labctrl/.m2/repository/org/springframework/spring-jdbc/6.0.11/spring-jdbc-6.0.11.jar:/home/labctrl/.m2/repository/org/hibernate/orm/hibernate-core/6.2.7.Final/hibernate-core-6.2.7.Final.jar:/home/labctrl/.m2/repository/jakarta/persistence/jakarta.persistence-api/3.1.0/jakarta.persistence-api-3.1.0.jar:/home/labctrl/.m2/repository/jakarta/transaction/jakarta.transaction-api/2.0.1/jakarta.transaction-api-2.0.1.jar:/home/labctrl/.m2/repository/org/hibernate/common/hibernate-commons-annotations/6.0.6.Final/hibernate-commons-annotations-6.0.6.Final.jar:/home/labctrl/.m2/repository/io/smallrye/jandex/3.0.5/jandex-3.0.5.jar:/home/labctrl/.m2/repository/net/bytebuddy/byte-buddy/1.14.6/byte-buddy-1.14.6.jar:/home/labctrl/.m2/repository/org/glassfish/jaxb/jaxb-runtime/4.0.3/jaxb-runtime-4.0.3.jar:/home/labctrl/.m2/repository/org/glassfish/jaxb/jaxb-core/4.0.3/jaxb-core-4.0.3.jar:/home/labctrl/.m2/repository/org/eclipse/angus/angus-activation/2.0.1/angus-activation-2.0.1.jar:/home/labctrl/.m2/repository/org/glassfish/jaxb/txw2/4.0.3/txw2-4.0.3.jar:/home/labctrl/.m2/repository/com/sun/istack/istack-commons-runtime/4.1.2/istack-commons-runtime-4.1.2.jar:/home/labctrl/.m2/repository/jakarta/inject/jakarta.inject-api/2.0.1/jakarta.inject-api-2.0.1.jar:/home/labctrl/.m2/repository/org/antlr/antlr4-runtime/4.10.1/antlr4-runtime-4.10.1.jar:/home/labctrl/.m2/repository/org/springframework/data/spring-data-jpa/3.1.3/spring-data-jpa-3.1.3.jar:/home/labctrl/.m2/repository/org/springframework/data/spring-data-commons/3.1.3/spring-data-commons-3.1.3.jar:/home/labctrl/.m2/repository/org/springframework/spring-orm/6.0.11/spring-orm-6.0.11.jar:/home/labctrl/.m2/repository/org/springframework/spring-tx/6.0.11/spring-tx-6.0.11.jar:/home/labctrl/.m2/repository/org/springframework/spring-aspects/6.0.11/spring-aspects-6.0.11.jar:/home/labctrl/.m2/repository/org/springframework/boot/spring-boot-starter-graphql/3.1.4-SNAPSHOT/spring-boot-starter-graphql-3.1.4-SNAPSHOT.jar:/home/labctrl/.m2/repository/org/springframework/boot/spring-boot-starter-json/3.1.4-SNAPSHOT/spring-boot-starter-json-3.1.4-SNAPSHOT.jar:/home/labctrl/.m2/repository/com/fasterxml/jackson/datatype/jackson-datatype-jdk8/2.15.2/jackson-datatype-jdk8-2.15.2.jar:/home/labctrl/.m2/repository/com/fasterxml/jackson/datatype/jackson-datatype-jsr310/2.15.2/jackson-datatype-jsr310-2.15.2.jar:/home/labctrl/.m2/repository/org/springframework/graphql/spring-graphql/1.2.2/spring-graphql-1.2.2.jar:/home/labctrl/.m2/repository/io/micrometer/context-propagation/1.0.4/context-propagation-1.0.4.jar:/home/labctrl/.m2/repository/org/springframework/boot/spring-boot-starter-thymeleaf/3.1.4-SNAPSHOT/spring-boot-starter-thymeleaf-3.1.4-SNAPSHOT.jar:/home/labctrl/.m2/repository/org/thymeleaf/thymeleaf-spring6/3.1.2.RELEASE/thymeleaf-spring6-3.1.2.RELEASE.jar:/home/labctrl/.m2/repository/org/thymeleaf/thymeleaf/3.1.2.RELEASE/thymeleaf-3.1.2.RELEASE.jar:/home/labctrl/.m2/repository/org/attoparser/attoparser/2.0.7.RELEASE/attoparser-2.0.7.RELEASE.jar:/home/labctrl/.m2/repository/org/unbescape/unbescape/1.1.6.RELEASE/unbescape-1.1.6.RELEASE.jar:/home/labctrl/.m2/repository/org/springframework/boot/spring-boot-starter-web/3.1.4-SNAPSHOT/spring-boot-starter-web-3.1.4-SNAPSHOT.jar:/home/labctrl/.m2/repository/org/springframework/spring-web/6.0.11/spring-web-6.0.11.jar:/home/labctrl/.m2/repository/io/micrometer/micrometer-observation/1.11.3/micrometer-observation-1.11.3.jar:/home/labctrl/.m2/repository/io/micrometer/micrometer-commons/1.11.3/micrometer-commons-1.11.3.jar:/home/labctrl/.m2/repository/org/springframework/spring-webmvc/6.0.11/spring-webmvc-6.0.11.jar:/home/labctrl/.m2/repository/org/springframework/spring-expression/6.0.11/spring-expression-6.0.11.jar:/home/labctrl/.m2/repository/org/thymeleaf/extras/thymeleaf-extras-springsecurity6/3.1.2.RELEASE/thymeleaf-extras-springsecurity6-3.1.2.RELEASE.jar:/home/labctrl/.m2/repository/org/slf4j/slf4j-api/2.0.7/slf4j-api-2.0.7.jar:/home/labctrl/.m2/repository/org/springframework/boot/spring-boot-docker-compose/3.1.4-SNAPSHOT/spring-boot-docker-compose-3.1.4-SNAPSHOT.jar:/home/labctrl/.m2/repository/org/springframework/boot/spring-boot/3.1.4-SNAPSHOT/spring-boot-3.1.4-SNAPSHOT.jar:/home/labctrl/.m2/repository/com/fasterxml/jackson/core/jackson-databind/2.15.2/jackson-databind-2.15.2.jar:/home/labctrl/.m2/repository/com/fasterxml/jackson/core/jackson-annotations/2.15.2/jackson-annotations-2.15.2.jar:/home/labctrl/.m2/repository/com/fasterxml/jackson/core/jackson-core/2.15.2/jackson-core-2.15.2.jar:/home/labctrl/.m2/repository/com/fasterxml/jackson/module/jackson-module-parameter-names/2.15.2/jackson-module-parameter-names-2.15.2.jar:/home/labctrl/.m2/repository/com/mysql/mysql-connector-j/8.0.33/mysql-connector-j-8.0.33.jar:/home/labctrl/.m2/repository/org/projectlombok/lombok/1.18.28/lombok-1.18.28.jar:/home/labctrl/.m2/repository/org/springframework/boot/spring-boot-starter-tomcat/3.1.4-SNAPSHOT/spring-boot-starter-tomcat-3.1.4-SNAPSHOT.jar:/home/labctrl/.m2/repository/jakarta/annotation/jakarta.annotation-api/2.1.1/jakarta.annotation-api-2.1.1.jar:/home/labctrl/.m2/repository/org/apache/tomcat/embed/tomcat-embed-core/10.1.12/tomcat-embed-core-10.1.12.jar:/home/labctrl/.m2/repository/org/apache/tomcat/embed/tomcat-embed-websocket/10.1.12/tomcat-embed-websocket-10.1.12.jar:/home/labctrl/.m2/repository/org/springframework/boot/spring-boot-starter-test/3.1.4-SNAPSHOT/spring-boot-starter-test-3.1.4-SNAPSHOT.jar:/home/labctrl/.m2/repository/org/springframework/boot/spring-boot-test/3.1.4-SNAPSHOT/spring-boot-test-3.1.4-SNAPSHOT.jar:/home/labctrl/.m2/repository/org/springframework/boot/spring-boot-test-autoconfigure/3.1.4-SNAPSHOT/spring-boot-test-autoconfigure-3.1.4-SNAPSHOT.jar:/home/labctrl/.m2/repository/com/jayway/jsonpath/json-path/2.8.0/json-path-2.8.0.jar:/home/labctrl/.m2/repository/jakarta/xml/bind/jakarta.xml.bind-api/4.0.0/jakarta.xml.bind-api-4.0.0.jar:/home/labctrl/.m2/repository/jakarta/activation/jakarta.activation-api/2.1.2/jakarta.activation-api-2.1.2.jar:/home/labctrl/.m2/repository/net/minidev/json-smart/2.4.11/json-smart-2.4.11.jar:/home/labctrl/.m2/repository/net/minidev/accessors-smart/2.4.11/accessors-smart-2.4.11.jar:/home/labctrl/.m2/repository/org/ow2/asm/asm/9.3/asm-9.3.jar:/home/labctrl/.m2/repository/org/assertj/assertj-core/3.24.2/assertj-core-3.24.2.jar:/home/labctrl/.m2/repository/org/hamcrest/hamcrest/2.2/hamcrest-2.2.jar:/home/labctrl/.m2/repository/org/junit/jupiter/junit-jupiter/5.9.3/junit-jupiter-5.9.3.jar:/home/labctrl/.m2/repository/org/junit/jupiter/junit-jupiter-api/5.9.3/junit-jupiter-api-5.9.3.jar:/home/labctrl/.m2/repository/org/opentest4j/opentest4j/1.2.0/opentest4j-1.2.0.jar:/home/labctrl/.m2/repository/org/junit/platform/junit-platform-commons/1.9.3/junit-platform-commons-1.9.3.jar:/home/labctrl/.m2/repository/org/apiguardian/apiguardian-api/1.1.2/apiguardian-api-1.1.2.jar:/home/labctrl/.m2/repository/org/junit/jupiter/junit-jupiter-params/5.9.3/junit-jupiter-params-5.9.3.jar:/home/labctrl/.m2/repository/org/junit/jupiter/junit-jupiter-engine/5.9.3/junit-jupiter-engine-5.9.3.jar:/home/labctrl/.m2/repository/org/junit/platform/junit-platform-engine/1.9.3/junit-platform-engine-1.9.3.jar:/home/labctrl/.m2/repository/org/mockito/mockito-core/5.3.1/mockito-core-5.3.1.jar:/home/labctrl/.m2/repository/net/bytebuddy/byte-buddy-agent/1.14.6/byte-buddy-agent-1.14.6.jar:/home/labctrl/.m2/repository/org/objenesis/objenesis/3.3/objenesis-3.3.jar:/home/labctrl/.m2/repository/org/mockito/mockito-junit-jupiter/5.3.1/mockito-junit-jupiter-5.3.1.jar:/home/labctrl/.m2/repository/org/skyscreamer/jsonassert/1.5.1/jsonassert-1.5.1.jar:/home/labctrl/.m2/repository/com/vaadin/external/google/android-json/0.0.20131108.vaadin1/android-json-0.0.20131108.vaadin1.jar:/home/labctrl/.m2/repository/org/springframework/spring-core/6.0.11/spring-core-6.0.11.jar:/home/labctrl/.m2/repository/org/springframework/spring-jcl/6.0.11/spring-jcl-6.0.11.jar:/home/labctrl/.m2/repository/org/springframework/spring-test/6.0.11/spring-test-6.0.11.jar:/home/labctrl/.m2/repository/org/xmlunit/xmlunit-core/2.9.1/xmlunit-core-2.9.1.jar:/home/labctrl/.m2/repository/org/springframework/spring-webflux/6.0.11/spring-webflux-6.0.11.jar:/home/labctrl/.m2/repository/org/springframework/spring-beans/6.0.11/spring-beans-6.0.11.jar:/home/labctrl/.m2/repository/io/projectreactor/reactor-core/3.5.9/reactor-core-3.5.9.jar:/home/labctrl/.m2/repository/org/reactivestreams/reactive-streams/1.0.4/reactive-streams-1.0.4.jar:/home/labctrl/.m2/repository/org/springframework/graphql/spring-graphql-test/1.2.2/spring-graphql-test-1.2.2.jar:/home/labctrl/.m2/repository/com/graphql-java/graphql-java/20.2/graphql-java-20.2.jar:/home/labctrl/.m2/repository/com/graphql-java/java-dataloader/3.2.0/java-dataloader-3.2.0.jar:/home/labctrl/.m2/repository/org/springframework/spring-context/6.0.11/spring-context-6.0.11.jar:/home/labctrl/.m2/repository/org/springframework/security/spring-security-test/6.1.3/spring-security-test-6.1.3.jar:/home/labctrl/.m2/repository/org/springframework/security/spring-security-core/6.1.3/spring-security-core-6.1.3.jar:/home/labctrl/.m2/repository/org/springframework/security/spring-security-crypto/6.1.3/spring-security-crypto-6.1.3.jar:/home/labctrl/.m2/repository/org/springframework/security/spring-security-web/6.1.3/spring-security-web-6.1.3.jar:"/>
    <property name="java.vm.vendor" value="Oracle Corporation"/>
    <property name="sun.arch.data.model" value="64"/>
    <property name="catalina.useNaming" value="false"/>
    <property name="java.vendor.url" value="https://openjdk.java.net/"/>
    <property name="user.timezone" value="America/Guayaquil"/>
    <property name="org.jboss.logging.provider" value="slf4j"/>
    <property name="os.name" value="Linux"/>
    <property name="java.vm.specification.version" value="18"/>
    <property name="sun.java.launcher" value="SUN_STANDARD"/>
    <property name="user.country" value="US"/>
    <property name="sun.boot.library.path" value="/usr/lib/jvm/java-18-openjdk/lib"/>
    <property name="sun.java.command" value="/home/labctrl/Downloads/APIAiros/APIGym/target/surefire/surefirebooter-20230902102031755_3.jar /home/labctrl/Downloads/APIAiros/APIGym/target/surefire 2023-09-02T10-20-31_629-jvmRun1 surefire-20230902102031755_1tmp surefire_0-20230902102031755_2tmp"/>
    <property name="jdk.debug" value="release"/>
    <property name="surefire.test.class.path" value="/home/labctrl/Downloads/APIAiros/APIGym/target/test-classes:/home/labctrl/Downloads/APIAiros/APIGym/target/classes:/home/labctrl/.m2/repository/org/springframework/boot/spring-boot-starter-validation/3.1.4-SNAPSHOT/spring-boot-starter-validation-3.1.4-SNAPSHOT.jar:/home/labctrl/.m2/repository/org/springframework/boot/spring-boot-starter/3.1.4-SNAPSHOT/spring-boot-starter-3.1.4-SNAPSHOT.jar:/home/labctrl/.m2/repository/org/springframework/boot/spring-boot-autoconfigure/3.1.4-SNAPSHOT/spring-boot-autoconfigure-3.1.4-SNAPSHOT.jar:/home/labctrl/.m2/repository/org/springframework/boot/spring-boot-starter-logging/3.1.4-SNAPSHOT/spring-boot-starter-logging-3.1.4-SNAPSHOT.jar:/home/labctrl/.m2/repository/ch/qos/logback/logback-classic/1.4.11/logback-classic-1.4.11.jar:/home/labctrl/.m2/repository/ch/qos/logback/logback-core/1.4.11/logback-core-1.4.11.jar:/home/labctrl/.m2/repository/org/apache/logging/log4j/log4j-to-slf4j/2.20.0/log4j-to-slf4j-2.20.0.jar:/home/labctrl/.m2/repository/org/apache/logging/log4j/log4j-api/2.20.0/log4j-api-2.20.0.jar:/home/labctrl/.m2/repository/org/slf4j/jul-to-slf4j/2.0.7/jul-to-slf4j-2.0.7.jar:/home/labctrl/.m2/repository/org/yaml/snakeyaml/1.33/snakeyaml-1.33.jar:/home/labctrl/.m2/repository/org/apache/tomcat/embed/tomcat-embed-el/10.1.12/tomcat-embed-el-10.1.12.jar:/home/labctrl/.m2/repository/org/hibernate/validator/hibernate-validator/8.0.1.Final/hibernate-validator-8.0.1.Final.jar:/home/labctrl/.m2/repository/jakarta/validation/jakarta.validation-api/3.0.2/jakarta.validation-api-3.0.2.jar:/home/labctrl/.m2/repository/org/jboss/logging/jboss-logging/3.5.3.Final/jboss-logging-3.5.3.Final.jar:/home/labctrl/.m2/repository/com/fasterxml/classmate/1.5.1/classmate-1.5.1.jar:/home/labctrl/.m2/repository/org/springframework/boot/spring-boot-starter-data-jpa/3.1.4-SNAPSHOT/spring-boot-starter-data-jpa-3.1.4-SNAPSHOT.jar:/home/labctrl/.m2/repository/org/springframework/boot/spring-boot-starter-aop/3.1.4-SNAPSHOT/spring-boot-starter-aop-3.1.4-SNAPSHOT.jar:/home/labctrl/.m2/repository/org/springframework/spring-aop/6.0.11/spring-aop-6.0.11.jar:/home/labctrl/.m2/repository/org/aspectj/aspectjweaver/1.9.20/aspectjweaver-1.9.20.jar:/home/labctrl/.m2/repository/org/springframework/boot/spring-boot-starter-jdbc/3.1.4-SNAPSHOT/spring-boot-starter-jdbc-3.1.4-SNAPSHOT.jar:/home/labctrl/.m2/repository/com/zaxxer/HikariCP/5.0.1/HikariCP-5.0.1.jar:/home/labctrl/.m2/repository/org/springframework/spring-jdbc/6.0.11/spring-jdbc-6.0.11.jar:/home/labctrl/.m2/repository/org/hibernate/orm/hibernate-core/6.2.7.Final/hibernate-core-6.2.7.Final.jar:/home/labctrl/.m2/repository/jakarta/persistence/jakarta.persistence-api/3.1.0/jakarta.persistence-api-3.1.0.jar:/home/labctrl/.m2/repository/jakarta/transaction/jakarta.transaction-api/2.0.1/jakarta.transaction-api-2.0.1.jar:/home/labctrl/.m2/repository/org/hibernate/common/hibernate-commons-annotations/6.0.6.Final/hibernate-commons-annotations-6.0.6.Final.jar:/home/labctrl/.m2/repository/io/smallrye/jandex/3.0.5/jandex-3.0.5.jar:/home/labctrl/.m2/repository/net/bytebuddy/byte-buddy/1.14.6/byte-buddy-1.14.6.jar:/home/labctrl/.m2/repository/org/glassfish/jaxb/jaxb-runtime/4.0.3/jaxb-runtime-4.0.3.jar:/home/labctrl/.m2/repository/org/glassfish/jaxb/jaxb-core/4.0.3/jaxb-core-4.0.3.jar:/home/labctrl/.m2/repository/org/eclipse/angus/angus-activation/2.0.1/angus-activation-2.0.1.jar:/home/labctrl/.m2/repository/org/glassfish/jaxb/txw2/4.0.3/txw2-4.0.3.jar:/home/labctrl/.m2/repository/com/sun/istack/istack-commons-runtime/4.1.2/istack-commons-runtime-4.1.2.jar:/home/labctrl/.m2/repository/jakarta/inject/jakarta.inject-api/2.0.1/jakarta.inject-api-2.0.1.jar:/home/labctrl/.m2/repository/org/antlr/antlr4-runtime/4.10.1/antlr4-runtime-4.10.1.jar:/home/labctrl/.m2/repository/org/springframework/data/spring-data-jpa/3.1.3/spring-data-jpa-3.1.3.jar:/home/labctrl/.m2/repository/org/springframework/data/spring-data-commons/3.1.3/spring-data-commons-3.1.3.jar:/home/labctrl/.m2/repository/org/springframework/spring-orm/6.0.11/spring-orm-6.0.11.jar:/home/labctrl/.m2/repository/org/springframework/spring-tx/6.0.11/spring-tx-6.0.11.jar:/home/labctrl/.m2/repository/org/springframework/spring-aspects/6.0.11/spring-aspects-6.0.11.jar:/home/labctrl/.m2/repository/org/springframework/boot/spring-boot-starter-graphql/3.1.4-SNAPSHOT/spring-boot-starter-graphql-3.1.4-SNAPSHOT.jar:/home/labctrl/.m2/repository/org/springframework/boot/spring-boot-starter-json/3.1.4-SNAPSHOT/spring-boot-starter-json-3.1.4-SNAPSHOT.jar:/home/labctrl/.m2/repository/com/fasterxml/jackson/datatype/jackson-datatype-jdk8/2.15.2/jackson-datatype-jdk8-2.15.2.jar:/home/labctrl/.m2/repository/com/fasterxml/jackson/datatype/jackson-datatype-jsr310/2.15.2/jackson-datatype-jsr310-2.15.2.jar:/home/labctrl/.m2/repository/org/springframework/graphql/spring-graphql/1.2.2/spring-graphql-1.2.2.jar:/home/labctrl/.m2/repository/io/micrometer/context-propagation/1.0.4/context-propagation-1.0.4.jar:/home/labctrl/.m2/repository/org/springframework/boot/spring-boot-starter-thymeleaf/3.1.4-SNAPSHOT/spring-boot-starter-thymeleaf-3.1.4-SNAPSHOT.jar:/home/labctrl/.m2/repository/org/thymeleaf/thymeleaf-spring6/3.1.2.RELEASE/thymeleaf-spring6-3.1.2.RELEASE.jar:/home/labctrl/.m2/repository/org/thymeleaf/thymeleaf/3.1.2.RELEASE/thymeleaf-3.1.2.RELEASE.jar:/home/labctrl/.m2/repository/org/attoparser/attoparser/2.0.7.RELEASE/attoparser-2.0.7.RELEASE.jar:/home/labctrl/.m2/repository/org/unbescape/unbescape/1.1.6.RELEASE/unbescape-1.1.6.RELEASE.jar:/home/labctrl/.m2/repository/org/springframework/boot/spring-boot-starter-web/3.1.4-SNAPSHOT/spring-boot-starter-web-3.1.4-SNAPSHOT.jar:/home/labctrl/.m2/repository/org/springframework/spring-web/6.0.11/spring-web-6.0.11.jar:/home/labctrl/.m2/repository/io/micrometer/micrometer-observation/1.11.3/micrometer-observation-1.11.3.jar:/home/labctrl/.m2/repository/io/micrometer/micrometer-commons/1.11.3/micrometer-commons-1.11.3.jar:/home/labctrl/.m2/repository/org/springframework/spring-webmvc/6.0.11/spring-webmvc-6.0.11.jar:/home/labctrl/.m2/repository/org/springframework/spring-expression/6.0.11/spring-expression-6.0.11.jar:/home/labctrl/.m2/repository/org/thymeleaf/extras/thymeleaf-extras-springsecurity6/3.1.2.RELEASE/thymeleaf-extras-springsecurity6-3.1.2.RELEASE.jar:/home/labctrl/.m2/repository/org/slf4j/slf4j-api/2.0.7/slf4j-api-2.0.7.jar:/home/labctrl/.m2/repository/org/springframework/boot/spring-boot-docker-compose/3.1.4-SNAPSHOT/spring-boot-docker-compose-3.1.4-SNAPSHOT.jar:/home/labctrl/.m2/repository/org/springframework/boot/spring-boot/3.1.4-SNAPSHOT/spring-boot-3.1.4-SNAPSHOT.jar:/home/labctrl/.m2/repository/com/fasterxml/jackson/core/jackson-databind/2.15.2/jackson-databind-2.15.2.jar:/home/labctrl/.m2/repository/com/fasterxml/jackson/core/jackson-annotations/2.15.2/jackson-annotations-2.15.2.jar:/home/labctrl/.m2/repository/com/fasterxml/jackson/core/jackson-core/2.15.2/jackson-core-2.15.2.jar:/home/labctrl/.m2/repository/com/fasterxml/jackson/module/jackson-module-parameter-names/2.15.2/jackson-module-parameter-names-2.15.2.jar:/home/labctrl/.m2/repository/com/mysql/mysql-connector-j/8.0.33/mysql-connector-j-8.0.33.jar:/home/labctrl/.m2/repository/org/projectlombok/lombok/1.18.28/lombok-1.18.28.jar:/home/labctrl/.m2/repository/org/springframework/boot/spring-boot-starter-tomcat/3.1.4-SNAPSHOT/spring-boot-starter-tomcat-3.1.4-SNAPSHOT.jar:/home/labctrl/.m2/repository/jakarta/annotation/jakarta.annotation-api/2.1.1/jakarta.annotation-api-2.1.1.jar:/home/labctrl/.m2/repository/org/apache/tomcat/embed/tomcat-embed-core/10.1.12/tomcat-embed-core-10.1.12.jar:/home/labctrl/.m2/repository/org/apache/tomcat/embed/tomcat-embed-websocket/10.1.12/tomcat-embed-websocket-10.1.12.jar:/home/labctrl/.m2/repository/org/springframework/boot/spring-boot-starter-test/3.1.4-SNAPSHOT/spring-boot-starter-test-3.1.4-SNAPSHOT.jar:/home/labctrl/.m2/repository/org/springframework/boot/spring-boot-test/3.1.4-SNAPSHOT/spring-boot-test-3.1.4-SNAPSHOT.jar:/home/labctrl/.m2/repository/org/springframework/boot/spring-boot-test-autoconfigure/3.1.4-SNAPSHOT/spring-boot-test-autoconfigure-3.1.4-SNAPSHOT.jar:/home/labctrl/.m2/repository/com/jayway/jsonpath/json-path/2.8.0/json-path-2.8.0.jar:/home/labctrl/.m2/repository/jakarta/xml/bind/jakarta.xml.bind-api/4.0.0/jakarta.xml.bind-api-4.0.0.jar:/home/labctrl/.m2/repository/jakarta/activation/jakarta.activation-api/2.1.2/jakarta.activation-api-2.1.2.jar:/home/labctrl/.m2/repository/net/minidev/json-smart/2.4.11/json-smart-2.4.11.jar:/home/labctrl/.m2/repository/net/minidev/accessors-smart/2.4.11/accessors-smart-2.4.11.jar:/home/labctrl/.m2/repository/org/ow2/asm/asm/9.3/asm-9.3.jar:/home/labctrl/.m2/repository/org/assertj/assertj-core/3.24.2/assertj-core-3.24.2.jar:/home/labctrl/.m2/repository/org/hamcrest/hamcrest/2.2/hamcrest-2.2.jar:/home/labctrl/.m2/repository/org/junit/jupiter/junit-jupiter/5.9.3/junit-jupiter-5.9.3.jar:/home/labctrl/.m2/repository/org/junit/jupiter/junit-jupiter-api/5.9.3/junit-jupiter-api-5.9.3.jar:/home/labctrl/.m2/repository/org/opentest4j/opentest4j/1.2.0/opentest4j-1.2.0.jar:/home/labctrl/.m2/repository/org/junit/platform/junit-platform-commons/1.9.3/junit-platform-commons-1.9.3.jar:/home/labctrl/.m2/repository/org/apiguardian/apiguardian-api/1.1.2/apiguardian-api-1.1.2.jar:/home/labctrl/.m2/repository/org/junit/jupiter/junit-jupiter-params/5.9.3/junit-jupiter-params-5.9.3.jar:/home/labctrl/.m2/repository/org/junit/jupiter/junit-jupiter-engine/5.9.3/junit-jupiter-engine-5.9.3.jar:/home/labctrl/.m2/repository/org/junit/platform/junit-platform-engine/1.9.3/junit-platform-engine-1.9.3.jar:/home/labctrl/.m2/repository/org/mockito/mockito-core/5.3.1/mockito-core-5.3.1.jar:/home/labctrl/.m2/repository/net/bytebuddy/byte-buddy-agent/1.14.6/byte-buddy-agent-1.14.6.jar:/home/labctrl/.m2/repository/org/objenesis/objenesis/3.3/objenesis-3.3.jar:/home/labctrl/.m2/repository/org/mockito/mockito-junit-jupiter/5.3.1/mockito-junit-jupiter-5.3.1.jar:/home/labctrl/.m2/repository/org/skyscreamer/jsonassert/1.5.1/jsonassert-1.5.1.jar:/home/labctrl/.m2/repository/com/vaadin/external/google/android-json/0.0.20131108.vaadin1/android-json-0.0.20131108.vaadin1.jar:/home/labctrl/.m2/repository/org/springframework/spring-core/6.0.11/spring-core-6.0.11.jar:/home/labctrl/.m2/repository/org/springframework/spring-jcl/6.0.11/spring-jcl-6.0.11.jar:/home/labctrl/.m2/repository/org/springframework/spring-test/6.0.11/spring-test-6.0.11.jar:/home/labctrl/.m2/repository/org/xmlunit/xmlunit-core/2.9.1/xmlunit-core-2.9.1.jar:/home/labctrl/.m2/repository/org/springframework/spring-webflux/6.0.11/spring-webflux-6.0.11.jar:/home/labctrl/.m2/repository/org/springframework/spring-beans/6.0.11/spring-beans-6.0.11.jar:/home/labctrl/.m2/repository/io/projectreactor/reactor-core/3.5.9/reactor-core-3.5.9.jar:/home/labctrl/.m2/repository/org/reactivestreams/reactive-streams/1.0.4/reactive-streams-1.0.4.jar:/home/labctrl/.m2/repository/org/springframework/graphql/spring-graphql-test/1.2.2/spring-graphql-test-1.2.2.jar:/home/labctrl/.m2/repository/com/graphql-java/graphql-java/20.2/graphql-java-20.2.jar:/home/labctrl/.m2/repository/com/graphql-java/java-dataloader/3.2.0/java-dataloader-3.2.0.jar:/home/labctrl/.m2/repository/org/springframework/spring-context/6.0.11/spring-context-6.0.11.jar:/home/labctrl/.m2/repository/org/springframework/security/spring-security-test/6.1.3/spring-security-test-6.1.3.jar:/home/labctrl/.m2/repository/org/springframework/security/spring-security-core/6.1.3/spring-security-core-6.1.3.jar:/home/labctrl/.m2/repository/org/springframework/security/spring-security-crypto/6.1.3/spring-security-crypto-6.1.3.jar:/home/labctrl/.m2/repository/org/springframework/security/spring-security-web/6.1.3/spring-security-web-6.1.3.jar:"/>
    <property name="sun.cpu.endian" value="little"/>
    <property name="user.home" value="/home/labctrl"/>
    <property name="user.language" value="en"/>
    <property name="java.specification.vendor" value="Oracle Corporation"/>
    <property name="java.version.date" value="2022-07-19"/>
    <property name="java.home" value="/usr/lib/jvm/java-18-openjdk"/>
    <property name="file.separator" value="/"/>
    <property name="basedir" value="/home/labctrl/Downloads/APIAiros/APIGym"/>
    <property name="java.vm.compressedOopsMode" value="Zero based"/>
    <property name="line.separator" value="&#10;"/>
    <property name="java.specification.name" value="Java Platform API Specification"/>
    <property name="java.vm.specification.vendor" value="Oracle Corporation"/>
    <property name="FILE_LOG_CHARSET" value="UTF-8"/>
    <property name="java.awt.headless" value="true"/>
    <property name="surefire.real.class.path" value="/home/labctrl/Downloads/APIAiros/APIGym/target/surefire/surefirebooter-20230902102031755_3.jar"/>
    <property name="sun.management.compiler" value="HotSpot 64-Bit Tiered Compilers"/>
    <property name="java.runtime.version" value="18.0.2+1"/>
    <property name="user.name" value="labctrl"/>
    <property name="path.separator" value=":"/>
    <property name="os.version" value="6.4.10-arch1-1"/>
    <property name="java.runtime.name" value="OpenJDK Runtime Environment"/>
    <property name="file.encoding" value="UTF-8"/>
    <property name="java.vm.name" value="OpenJDK 64-Bit Server VM"/>
    <property name="localRepository" value="/home/labctrl/.m2/repository"/>
    <property name="java.vendor.url.bug" value="https://bugreport.java.com/bugreport/"/>
    <property name="java.io.tmpdir" value="/tmp"/>
    <property name="sonar.token" value="sqp_393d6f3de487ed3262cf1b90004b5685874d67e9"/>
    <property name="catalina.home" value="/tmp/tomcat.0.9521187631013771020"/>
    <property name="com.zaxxer.hikari.pool_number" value="1"/>
    <property name="java.version" value="18.0.2"/>
    <property name="user.dir" value="/home/labctrl/Downloads/APIAiros/APIGym"/>
    <property name="os.arch" value="amd64"/>
    <property name="java.vm.specification.name" value="Java Virtual Machine Specification"/>
    <property name="PID" value="134319"/>
    <property name="CONSOLE_LOG_CHARSET" value="UTF-8"/>
    <property name="catalina.base" value="/tmp/tomcat.0.9521187631013771020"/>
    <property name="native.encoding" value="UTF-8"/>
    <property name="sonar.projectKey" value="APIAiros"/>
    <property name="java.library.path" value="/usr/java/packages/lib:/usr/lib64:/lib64:/lib:/usr/lib"/>
    <property name="java.vm.info" value="mixed mode"/>
    <property name="java.vendor" value="N/A"/>
    <property name="java.vm.version" value="18.0.2+1"/>
    <property name="sun.io.unicode.encoding" value="UnicodeLittle"/>
    <property name="java.class.version" value="62.0"/>
  </properties>
  <testcase name="getAllExercises" classname="epn.edu.ec.apiairos.infrastructure.inputadapter.ExerciseAPITest" time="0.006">
    <system-out><![CDATA[2023-09-02T10:20:40.624-05:00 DEBUG 134319 --- [           main] .b.t.c.SpringBootTestContextBootstrapper : Neither @ContextConfiguration nor @ContextHierarchy found for test class [ExerciseAPITest]: using SpringBootContextLoader
2023-09-02T10:20:40.625-05:00 DEBUG 134319 --- [           main] o.s.t.c.support.AbstractContextLoader    : Could not detect default resource locations for test class [epn.edu.ec.apiairos.infrastructure.inputadapter.ExerciseAPITest]: no resource found for suffixes {-context.xml, Context.groovy}.
2023-09-02T10:20:40.625-05:00  INFO 134319 --- [           main] t.c.s.AnnotationConfigContextLoaderUtils : Could not detect default configuration classes for test class [epn.edu.ec.apiairos.infrastructure.inputadapter.ExerciseAPITest]: ExerciseAPITest does not declare any static, non-private, non-final, nested classes annotated with @Configuration.
2023-09-02T10:20:40.629-05:00 DEBUG 134319 --- [           main] .b.t.c.SpringBootTestContextBootstrapper : Using ContextCustomizers for test class [ExerciseAPITest]: [ExcludeFilterContextCustomizer, HttpGraphQlTesterContextCustomizer, DuplicateJsonObjectContextCustomizer, MockitoContextCustomizer, TestRestTemplateContextCustomizer, WebTestClientContextCustomizer, DisableObservabilityContextCustomizer, PropertyMappingContextCustomizer, WebDriverContextCustomizer]
2023-09-02T10:20:40.644-05:00 DEBUG 134319 --- [           main] ssPathScanningCandidateComponentProvider : Identified candidate component class: file [/home/labctrl/Downloads/APIAiros/APIGym/target/classes/epn/edu/ec/apiairos/ApiAirosApplication.class]
2023-09-02T10:20:40.645-05:00  INFO 134319 --- [           main] .b.t.c.SpringBootTestContextBootstrapper : Found @SpringBootConfiguration epn.edu.ec.apiairos.ApiAirosApplication for test class epn.edu.ec.apiairos.infrastructure.inputadapter.ExerciseAPITest
2023-09-02T10:20:40.647-05:00 DEBUG 134319 --- [           main] .b.t.c.SpringBootTestContextBootstrapper : Using TestExecutionListeners for test class [ExerciseAPITest]: [ServletTestExecutionListener, DirtiesContextBeforeModesTestExecutionListener, ApplicationEventsTestExecutionListener, MockitoTestExecutionListener, DependencyInjectionTestExecutionListener, MicrometerObservationRegistryTestExecutionListener, DirtiesContextTestExecutionListener, TransactionalTestExecutionListener, SqlScriptsTestExecutionListener, EventPublishingTestExecutionListener, WithSecurityContextTestExecutionListener, ReactorContextTestExecutionListener, ResetMocksTestExecutionListener, RestDocsTestExecutionListener, MockRestServiceServerResetTestExecutionListener, MockMvcPrintOnlyOnFailureTestExecutionListener, WebDriverTestExecutionListener, MockWebServiceServerTestExecutionListener]
2023-09-02T10:20:40.647-05:00 DEBUG 134319 --- [           main] sContextBeforeModesTestExecutionListener : Before test class: class [ExerciseAPITest], class annotated with @DirtiesContext [false] with mode [null]
2023-09-02T10:20:40.647-05:00 DEBUG 134319 --- [           main] org.springframework.test.context.cache   : Spring test ApplicationContext cache statistics: [DefaultContextCache@2e5ff1d4 size = 1, maxSize = 32, parentContextCount = 0, hitCount = 40, missCount = 1]
2023-09-02T10:20:40.662-05:00 DEBUG 134319 --- [           main] DependencyInjectionTestExecutionListener : Performing dependency injection for test class epn.edu.ec.apiairos.infrastructure.inputadapter.ExerciseAPITest
2023-09-02T10:20:40.663-05:00 DEBUG 134319 --- [           main] org.springframework.test.context.cache   : Spring test ApplicationContext cache statistics: [DefaultContextCache@2e5ff1d4 size = 1, maxSize = 32, parentContextCount = 0, hitCount = 41, missCount = 1]
2023-09-02T10:20:40.663-05:00 DEBUG 134319 --- [           main] org.springframework.test.context.cache   : Spring test ApplicationContext cache statistics: [DefaultContextCache@2e5ff1d4 size = 1, maxSize = 32, parentContextCount = 0, hitCount = 42, missCount = 1]
2023-09-02T10:20:40.664-05:00 DEBUG 134319 --- [           main] sContextBeforeModesTestExecutionListener : Before test method: class [ExerciseAPITest], method [getAllExercises], class annotated with @DirtiesContext [false] with mode [null], method annotated with @DirtiesContext [false] with mode [null]
2023-09-02T10:20:40.664-05:00 DEBUG 134319 --- [           main] org.springframework.test.context.cache   : Spring test ApplicationContext cache statistics: [DefaultContextCache@2e5ff1d4 size = 1, maxSize = 32, parentContextCount = 0, hitCount = 43, missCount = 1]
2023-09-02T10:20:40.665-05:00 DEBUG 134319 --- [           main] org.springframework.test.context.cache   : Spring test ApplicationContext cache statistics: [DefaultContextCache@2e5ff1d4 size = 1, maxSize = 32, parentContextCount = 0, hitCount = 44, missCount = 1]
2023-09-02T10:20:40.665-05:00 DEBUG 134319 --- [           main] org.springframework.test.context.cache   : Spring test ApplicationContext cache statistics: [DefaultContextCache@2e5ff1d4 size = 1, maxSize = 32, parentContextCount = 0, hitCount = 45, missCount = 1]
2023-09-02T10:20:40.666-05:00 DEBUG 134319 --- [           main] org.springframework.test.context.cache   : Spring test ApplicationContext cache statistics: [DefaultContextCache@2e5ff1d4 size = 1, maxSize = 32, parentContextCount = 0, hitCount = 46, missCount = 1]
2023-09-02T10:20:40.667-05:00 DEBUG 134319 --- [           main] org.springframework.test.context.cache   : Spring test ApplicationContext cache statistics: [DefaultContextCache@2e5ff1d4 size = 1, maxSize = 32, parentContextCount = 0, hitCount = 47, missCount = 1]
2023-09-02T10:20:40.667-05:00 DEBUG 134319 --- [           main] org.springframework.test.context.cache   : Spring test ApplicationContext cache statistics: [DefaultContextCache@2e5ff1d4 size = 1, maxSize = 32, parentContextCount = 0, hitCount = 48, missCount = 1]
2023-09-02T10:20:40.668-05:00 DEBUG 134319 --- [           main] org.springframework.test.context.cache   : Spring test ApplicationContext cache statistics: [DefaultContextCache@2e5ff1d4 size = 1, maxSize = 32, parentContextCount = 0, hitCount = 49, missCount = 1]
2023-09-02T10:20:40.668-05:00 DEBUG 134319 --- [           main] org.springframework.test.context.cache   : Spring test ApplicationContext cache statistics: [DefaultContextCache@2e5ff1d4 size = 1, maxSize = 32, parentContextCount = 0, hitCount = 50, missCount = 1]
2023-09-02T10:20:40.668-05:00 DEBUG 134319 --- [           main] org.springframework.test.context.cache   : Spring test ApplicationContext cache statistics: [DefaultContextCache@2e5ff1d4 size = 1, maxSize = 32, parentContextCount = 0, hitCount = 51, missCount = 1]
2023-09-02T10:20:40.669-05:00 DEBUG 134319 --- [           main] org.springframework.test.context.cache   : Spring test ApplicationContext cache statistics: [DefaultContextCache@2e5ff1d4 size = 1, maxSize = 32, parentContextCount = 0, hitCount = 52, missCount = 1]
2023-09-02T10:20:40.670-05:00 DEBUG 134319 --- [           main] org.springframework.test.context.cache   : Spring test ApplicationContext cache statistics: [DefaultContextCache@2e5ff1d4 size = 1, maxSize = 32, parentContextCount = 0, hitCount = 53, missCount = 1]
2023-09-02T10:20:40.670-05:00 DEBUG 134319 --- [           main] .c.s.DirtiesContextTestExecutionListener : After test method: class [ExerciseAPITest], method [getAllExercises], class annotated with @DirtiesContext [false] with mode [null], method annotated with @DirtiesContext [false] with mode [null]
]]></system-out>
  </testcase>
</testsuite>